Jun 25 08:23 : update: added 2014/Guitar-Em Của Ngày Hôm Qua.mp3
Jun 25 08:23 : update: added 2014/HappyFromDespicableMe2-PharrellWilliams-2978903.mp3
Jun 25 08:23 : update: added Billboard Hot 100 - 2011/4 Minutes - Madonna,Justin Timberlake,Timbaland.mp3
Jun 25 08:23 : update: added Billboard Hot 100 - 2011/Apologize - Timbaland, OneRepublic.mp3
Jun 25 08:23 : update: added Billboard Hot 100 - 2011/Best i ever had - Drake ft Lil Wayne.mp3
Jun 25 08:23 : update: added Billboard Hot 100 - 2011/Bleeding Love - Leona Lewis.mp3
Jun 25 08:23 : update: added Billboard Hot 100 - 2011/Boom Boom Pow - The Black Eyed Peas.mp3
Jun 25 08:23 : update: added Billboard Hot 100 - 2011/Bubbly - Colbie Caillat.mp3
Jun 25 08:23 : update: added Billboard Hot 100 - 2011/Circus - Britney Spears.mp3
Jun 25 08:23 : update: added Billboard Hot 100 - 2011/Closer (2008) - Ne-Yo.mp3
Jun 25 08:23 : update: added Billboard Hot 100 - 2011/Crack A Bottle - Eminem.mp3
Jun 25 08:23 : update: added Billboard Hot 100 - 2011/Damaged - Danity Kane Ft. Diddy.mp3
Jun 25 08:23 : update: added Billboard Hot 100 - 2011/Dangerous - Kardinal Offishall _ Akon.mp3
Jun 25 08:23 : update: added Billboard Hot 100 - 2011/Dead And Gone - T.I.,Justin Timberlake.mp3
Jun 25 08:23 : update: added Billboard Hot 100 - 2011/Don_t Trust Me - 3OH!3.mp3
Jun 25 08:23 : update: added Billboard Hot 100 - 2011/Down - Jay Sean,Lil Wayne.mp3
Jun 25 08:23 : update: added Billboard Hot 100 - 2011/Down On Me - 50 Cent ft. Jeremih.mp3
Jun 25 08:23 : update: added Billboard Hot 100 - 2011/DownOnMe-Jeremih-50Cent_34ube_hq.mp3
Jun 25 08:23 : update: added Billboard Hot 100 - 2011/Gives You Hell - The American Rejects.mp3
Jun 25 08:23 : update: added Billboard Hot 100 - 2011/GladYouCame-TheWanted_3bnqk.mp3
Jun 25 08:23 : update: added Billboard Hot 100 - 2011/Good Girls Go  Bad - Cobra Starship ft Flo Rida.mp3
Jun 25 08:23 : update: added Billboard Hot 100 - 2011/Halo - Beyonce.mp3
Jun 25 08:23 : update: added Billboard Hot 100 - 2011/Heartless - Kanye West.mp3
Jun 25 08:23 : update: added Billboard Hot 100 - 2011/Hot N_ Cold - Katy Perry.mp3
Jun 25 08:23 : update: added Billboard Hot 100 - 2011/I Kissed A Girl - Katy Perry.mp3
Jun 25 08:23 : update: added Billboard Hot 100 - 2011/I_m Yours - Jason Mraz.mp3
Jun 25 08:23 : update: added Billboard Hot 100 - 2011/Kiss Me Thru The Phone - Soulja Boy.mp3
Jun 25 08:23 : update: added Billboard Hot 100 - 2011/Let It Rock - Kevin Rudolf, Lil Wayne.mp3
Jun 25 08:23 : update: added Billboard Hot 100 - 2011/Love Lockdown - Kanye West.mp3
Jun 25 08:23 : update: added Billboard Hot 100 - 2011/LoveGame - Lady Gaga.mp3
Jun 25 08:23 : update: added Billboard Hot 100 - 2011/Low - Flo Rida ft. T.Pain.mp3
Jun 25 08:23 : update: added Billboard Hot 100 - 2011/My Life Would Suck Without You - Kelly Clarkson.mp3
Jun 25 08:23 : update: added Billboard Hot 100 - 2011/No Air - Jordin Sparks, Chris Brown.mp3
Jun 25 08:23 : update: added Billboard Hot 100 - 2011/No One (Live) - Alicia Keys.mp3
Jun 25 08:23 : update: added Billboard Hot 100 - 2011/Party In The USA - Miley Cyrus.mp3
Jun 25 08:23 : update: added Billboard Hot 100 - 2011/Payphone - Maroon 5.mp3
Jun 25 08:23 : update: added Billboard Hot 100 - 2011/Pocketful Of Sunshine - Natasha Bedingfield.mp3
Jun 25 08:23 : update: added Billboard Hot 100 - 2011/Poker Face - Lady Gaga.mp3
Jun 25 08:23 : update: added Billboard Hot 100 - 2011/Rihanna - You Da One.mp3
Jun 25 08:23 : update: added Billboard Hot 100 - 2011/Shayne Ward - Beautiful In White.mp3
Jun 25 08:23 : update: added Billboard Hot 100 - 2011/So What - Pink.mp3
Jun 25 08:23 : update: added Billboard Hot 100 - 2011/Sober - Pink.mp3
Jun 25 08:23 : update: added Billboard Hot 100 - 2011/Take A Bow - Rihanna.mp3
Jun 25 08:23 : update: added Billboard Hot 100 - 2011/Take You There - Sean Kingston.mp3
Jun 25 08:23 : update: added Billboard Hot 100 - 2011/Tattoo - Jordin Sparks.mp3
Jun 25 08:23 : update: added Billboard Hot 100 - 2011/Tear Drops On My Guitar - Taylor Swift.mp3
Jun 25 08:23 : update: added Billboard Hot 100 - 2011/The Climb - Miley Cyrus.mp3
Jun 25 08:23 : update: added Billboard Hot 100 - 2011/The Ting Tings - That-s Not My Name.mp3
Jun 25 08:23 : avahi: Service 'Music Player' successfully established.
Jun 25 08:23 : update: added Billboard Hot 100 - 2011/Touch My Body - Mariah Carey.mp3
Jun 25 08:23 : update: added Billboard Hot 100 - 2011/Turning Me On - Keri Hilson, Lil Wayne.mp3
Jun 25 08:23 : update: added Billboard Hot 100 - 2011/Whatcha Say (Klubjumpers Remix) - Jason DeRulo.mp3
Jun 25 08:23 : update: added Billboard Hot 100 - 2011/Whatever U Like (feat. T.I.) - Nicole Scherzinger.mp3
Jun 25 08:23 : update: added Billboard Hot 100 - 2011/When i grow up - Pussy Cat Babes.mp3
Jun 25 08:23 : update: added Billboard Hot 100 - 2011/With You (2007) - Chris Brown.mp3
Jun 25 08:23 : update: added Billboard Hot 100 - 2011/Womanizer - Britney Spears.mp3
Jun 25 08:23 : update: added Billboard Hot 100 - 2011/You Belong With Me - Taylor Swift.mp3
Jun 25 08:23 : update: added Billboard Hot 100 - 2011/Don_t Stop The Music - Rihanna.mp3
Jun 25 08:23 : update: added Billboard Hot 100 - 2011/Just Dance - Lady GaGa Ft. Colby O_ Donis.mp3
Jun 25 08:23 : update: added Billboard Hot 100 - 2011/See you again - Miley Cyrus.mp3
Jun 25 08:23 : update: added Music_Mp3/From Yesterday - 30 seconds to mars [NCT 2338416933].mp3
Jun 25 08:23 : update: added Music_Mp3/Luu Huong Giang - Co gai tu tin.mp3
Jun 25 08:23 : update: added Music_Mp3/87bb2944bab16e1d95911abd36589ee2.mp3
Jun 25 08:23 : update: added Music_Mp3/Adam Lambert - Whataya Want From Me.mp3
Jun 25 08:23 : update: added Music_Mp3/Beautiful Soul.mp3
Jun 25 08:23 : update: added Music_Mp3/Booty Music - Deep Side - Chất Lượng 128kbps - jKBaMrshHY.mp3
Jun 25 08:23 : update: added Music_Mp3/BootyMusic-DeepSide_4fta.mp3
Jun 25 08:23 : update: added Music_Mp3/ChuyenNangTienNuTenThi.mp3
Jun 25 08:23 : update: added Music_Mp3/Cơn Mưa Ngang Qua - M-TP _ 320 lyrics.mp3
Jun 25 08:23 : update: added Music_Mp3/DJGotUsFallingInLove-Usher-Pitbull_3eguu_hq.mp3
Jun 25 08:23 : update: added Music_Mp3/DuCoCachXaFullMaster-DinhManhNi_qjum.mp3
Jun 25 08:23 : update: added Music_Mp3/Dynamite.mp3
Jun 25 08:23 : update: added Music_Mp3/Enrique Iglesias - Do you know.mp3
Jun 25 08:23 : update: added Music_Mp3/Fall Out Boy - Thanks For The Memories.mp3
Jun 25 08:23 : update: added Music_Mp3/Goodbye - Avril Lavigne [NCT 44634343929956357500].mp3
Jun 25 08:23 : update: added Music_Mp3/HaventMetYouYet-MichaelBuble_eh84.mp3
Jun 25 08:23 : update: added Music_Mp3/I Can't Wait - Akon - universal.mp3
Jun 25 08:23 : update: added Music_Mp3/I Dont Love You - My Chemical Romance - Tải, lyrics, nhạc chờ bài hát, upload bởi nemomb.mp3
Jun 25 08:23 : update: added Music_Mp3/Impossible - Impossible - -  Shontelle .mp3
Jun 25 08:23 : update: added Music_Mp3/Jesse McCartney - Because You Live.mp3
Jun 25 08:23 : update: added Music_Mp3/Just Give Me A Reason.mp3
Jun 25 08:23 : update: added Music_Mp3/KhiNguoiLonCoDon-HongPhuoc-2665799_hq.mp3
Jun 25 08:23 : update: added Music_Mp3/Lil Mama - G-Slide Tour Bus.mp3
Jun 25 08:23 : update: added Music_Mp3/LoveYouLikeALoveSongCover-Sami_3vpmb.mp3
Jun 25 08:23 : update: added Music_Mp3/Lucky - Jason Mraz  Colbie Caillat [NCT 60633942543532677818].mp3
Jun 25 08:23 : update: added Music_Mp3/Luu Huong Giang - De Anh Cu Ngu Quen.mp3
Jun 25 08:23 : update: added Music_Mp3/Luu Huong Giang - Hen gap lai anh.mp3
Jun 25 08:23 : update: added Music_Mp3/MyLife-50Cent-Eminem-AdamLevine_4em8t.mp3
Jun 25 08:23 : update: added Music_Mp3/Ngu Cung - Cuop Vo Tuc Le Nguoi H'Mong.mp3
Jun 25 08:23 : ffmpeg/asf: max_analyze_duration reached
Jun 25 08:23 : update: added Music_Mp3/One More Night - Maroon 5 www.ChiaSeNhac.com [M4A 500kbps].wma
Jun 25 08:23 : update: added Music_Mp3/Price Tag - Jessie J.mp3
Jun 25 08:23 : update: added Music_Mp3/Quê Tôi_Thùy Chi_-2857870.mp3
Jun 25 08:23 : update: added Music_Mp3/Right Now Na Na Na - Akon [NCT 60634014895946562500].mp3
Jun 25 08:23 : update: added Music_Mp3/Simple Plan - Your love is a lie.mp3
Jun 25 08:23 : update: added Music_Mp3/Smack That - Akon [NCT 40633885436961318750].mp3
Jun 25 08:23 : update: added Music_Mp3/Song For A Stormy Night - Secret Garden.mp3
Jun 25 08:23 : update: added Music_Mp3/Space Bound - Eminem [NCT 20634541797592047500].mp3
Jun 25 08:23 : update: added Music_Mp3/The Ting Tings - That's Not My Name.mp3
Jun 25 08:23 : update: added Music_Mp3/TinhAnh-DinhManhNinh_sck6.mp3
Jun 25 08:23 : update: added Music_Mp3/Vanessa Amorosi - Perfect.mp3
Jun 25 08:23 : update: added Music_Mp3/We Are Young - Fun., Janelle Monae.mp3
Jun 25 08:23 : update: added Music_Mp3/What Makes You Beautiful - Boyce Avenue _ 320 lyrics, upload bởi shannondao.mp3
Jun 25 08:23 : update: added Music_Mp3/When Youre Gone - Avril Lavigne [NCT 6101455696].mp3
Jun 25 08:23 : update: added Music_Mp3/WhyNotMe-EnriqueIglesias_3qrx7.mp3
Jun 25 08:23 : update: added Music_Mp3/Wicked Game.mp3
Jun 25 08:23 : update: added Music_Mp3/Wish You Were Here - Avril Lavigne [NCT 04634343947627920000].mp3
Jun 25 08:23 : update: added Music_Mp3/Young Uno  - Let U Go.mp3
Jun 25 08:23 : update: added Music_Mp3/Ðam Cuoi Chuot.mp3
Jun 25 08:23 : update: added ringtone/beatit.mp3
Jun 25 08:23 : update: added ringtone/romantic.mp3
Jun 25 08:23 : update: added ringtone/timber.mp3
Jun 25 08:23 : update: added USA Billboard  Hot 100 Year End 2013 [Bubanee]/1 - The Music/001 - Thrift Shop - Macklemore & Ryan Lewis ft. Wanz.mp3
Jun 25 08:23 : update: added USA Billboard  Hot 100 Year End 2013 [Bubanee]/1 - The Music/002 - Blurred Lines - Robin Thicke.mp3
Jun 25 08:23 : update: added USA Billboard  Hot 100 Year End 2013 [Bubanee]/1 - The Music/003 - Radioactive - Imagine Dragons.mp3
Jun 25 08:23 : update: added USA Billboard  Hot 100 Year End 2013 [Bubanee]/1 - The Music/004 - Harlem Shake - Baauer.mp3
Jun 25 08:23 : update: added USA Billboard  Hot 100 Year End 2013 [Bubanee]/1 - The Music/005 - Can't Hold Us - Macklemore & Ryan Lewis - ft. Ray Dalton.mp3
Jun 25 08:23 : update: added USA Billboard  Hot 100 Year End 2013 [Bubanee]/1 - The Music/006 - Mirrors - Justin Timberlake.mp3
Jun 25 08:23 : update: added USA Billboard  Hot 100 Year End 2013 [Bubanee]/1 - The Music/007 - Just Give Me A Reason - P!nk ft Nate Ruess.mp3
Jun 25 08:23 : update: added USA Billboard  Hot 100 Year End 2013 [Bubanee]/1 - The Music/008 - When I Was Your Man - Bruno Mars.mp3
Jun 25 08:23 : update: added USA Billboard  Hot 100 Year End 2013 [Bubanee]/1 - The Music/009 - Cruise - Florida Georgia Line ft. Nelly.mp3
Jun 25 08:23 : update: added USA Billboard  Hot 100 Year End 2013 [Bubanee]/1 - The Music/010 - Roar - Katy Perry.mp3
Jun 25 08:23 : update: added USA Billboard  Hot 100 Year End 2013 [Bubanee]/1 - The Music/011 - Locked Out Of Heaven - Bruno Mars.mp3
Jun 25 08:23 : update: added USA Billboard  Hot 100 Year End 2013 [Bubanee]/1 - The Music/013 - Stay - Rihanna ft. Mikky Ekko.mp3
Jun 25 08:23 : update: added USA Billboard  Hot 100 Year End 2013 [Bubanee]/1 - The Music/014 - Get Lucky - Daft Punk ft. Pharell Williams.mp3
Jun 25 08:23 : update: added USA Billboard  Hot 100 Year End 2013 [Bubanee]/1 - The Music/015 - Royals - Lorde.mp3
Jun 25 08:23 : update: added USA Billboard  Hot 100 Year End 2013 [Bubanee]/1 - The Music/016 - I Knew You Were In Trouble - Taylor Swift.mp3
Jun 25 08:23 : update: added USA Billboard  Hot 100 Year End 2013 [Bubanee]/1 - The Music/017 - We Can't Stop - Miley Cyrus.mp3
Jun 25 08:23 : update: added USA Billboard  Hot 100 Year End 2013 [Bubanee]/1 - The Music/018 - Wrecking Ball - Miley Cyrus.mp3
Jun 25 08:23 : update: added USA Billboard  Hot 100 Year End 2013 [Bubanee]/1 - The Music/019 - Wake Me Up - Avicii.mp3
Jun 25 08:23 : update: added USA Billboard  Hot 100 Year End 2013 [Bubanee]/1 - The Music/020 - Suit & Tie - Justin Timberlake feat. Jay Z.mp3
Jun 25 08:23 : update: added USA Billboard  Hot 100 Year End 2013 [Bubanee]/1 - The Music/021 - Cups (Pitch Perfects When I'm Gone) - Anna Kendrick.mp3
Jun 25 08:23 : update: added USA Billboard  Hot 100 Year End 2013 [Bubanee]/1 - The Music/022 - Holy Grail - Jay-Z ft. Justin Timberlake.mp3
Jun 25 08:23 : update: added USA Billboard  Hot 100 Year End 2013 [Bubanee]/1 - The Music/023 - Scream & Shout - Will.i.am & Brintney Spears.mp3
Jun 25 08:23 : update: added USA Billboard  Hot 100 Year End 2013 [Bubanee]/1 - The Music/024 - Clarity - Zedd ft. Foxes.mp3
Jun 25 08:23 : update: added USA Billboard  Hot 100 Year End 2013 [Bubanee]/1 - The Music/026 - Don't You Worry Child - Swedish House Mafia ft. John Martin.mp3
Jun 25 08:23 : update: added USA Billboard  Hot 100 Year End 2013 [Bubanee]/1 - The Music/027 - Diamonds - Rihanna.mp3
Jun 25 08:23 : update: added USA Billboard  Hot 100 Year End 2013 [Bubanee]/1 - The Music/028 - I Love It - Icona Pop ft. Charli XCX.mp3
Jun 25 08:23 : update: added USA Billboard  Hot 100 Year End 2013 [Bubanee]/1 - The Music/029 - Safe and Sound - Capital Cities.mp3
Jun 25 08:23 : update: added USA Billboard  Hot 100 Year End 2013 [Bubanee]/1 - The Music/030 - Treasure - Bruno Mars.mp3
Jun 25 08:23 : update: added USA Billboard  Hot 100 Year End 2013 [Bubanee]/1 - The Music/031 - The Way - Ariana Grande ft. Mac Miller.mp3
Jun 25 08:23 : update: added USA Billboard  Hot 100 Year End 2013 [Bubanee]/1 - The Music/032 - Started From The Bottom - Drake.mp3
Jun 25 08:23 : update: added USA Billboard  Hot 100 Year End 2013 [Bubanee]/1 - The Music/033 - Come & Get It - Selena Gomez.mp3
Jun 25 08:23 : update: added USA Billboard  Hot 100 Year End 2013 [Bubanee]/1 - The Music/034 - Hold On, We're Going Home - Drake ft. Majid Jordan.mp3
Jun 25 08:23 : update: added USA Billboard  Hot 100 Year End 2013 [Bubanee]/1 - The Music/035 - Daylight - Maroon 5.mp3
Jun 25 08:23 : update: added USA Billboard  Hot 100 Year End 2013 [Bubanee]/1 - The Music/036 - Feel This Moment - Pitbull ft. Christina Agruilera.mp3
Jun 25 08:23 : update: added USA Billboard  Hot 100 Year End 2013 [Bubanee]/1 - The Music/038 - One More Night - Maroon 5.mp3
Jun 25 08:23 : update: added USA Billboard  Hot 100 Year End 2013 [Bubanee]/1 - The Music/039 - Love me - Lil Wayne ft. Drake & Future.mp3
Jun 25 08:23 : update: added USA Billboard  Hot 100 Year End 2013 [Bubanee]/1 - The Music/040 - My Songs Know What You Did In The Dark (Light Em Up) - Fall Out Boy.mp3
Jun 25 08:23 : update: added USA Billboard  Hot 100 Year End 2013 [Bubanee]/1 - The Music/041 - Fucking Problems - ASAP Rocky ft. Drake, 2 Chainz & Kendrick Lamar.mp3
Jun 25 08:23 : update: added USA Billboard  Hot 100 Year End 2013 [Bubanee]/1 - The Music/042 - Beauty And A Beat - Justin Bieber ft. Nicki Minaj.mp3
Jun 25 08:23 : update: added USA Billboard  Hot 100 Year End 2013 [Bubanee]/1 - The Music/043 - Same Love - Macklemore & Ryan Lewis ft. Mary Lambert.mp3
Jun 25 08:23 : update: added USA Billboard  Hot 100 Year End 2013 [Bubanee]/1 - The Music/044 - Sweet Nothing - Calvin Harris ft. Florence Welch.mp3
Jun 25 08:23 : update: added USA Billboard  Hot 100 Year End 2013 [Bubanee]/1 - The Music/045 - Summertime Sadness (Cedric Gervais Vocal Down Mix) - Lana Del Rey.mp3
Jun 25 08:23 : update: added USA Billboard  Hot 100 Year End 2013 [Bubanee]/1 - The Music/046 - Home - Phillip Phillips.mp3
Jun 25 08:23 : update: added USA Billboard  Hot 100 Year End 2013 [Bubanee]/1 - The Music/047 - It's Time - Imagine Dragons.mp3
Jun 25 08:23 : update: added USA Billboard  Hot 100 Year End 2013 [Bubanee]/1 - The Music/049 - Girl On Fire (Inferno) - Alicia Keys ft. Nicki Minaj.mp3
Jun 25 08:23 : update: added USA Billboard  Hot 100 Year End 2013 [Bubanee]/1 - The Music/050 - Heart Attack - Demi Lovato.mp3
Jun 25 08:23 : update: added USA Billboard  Hot 100 Year End 2013 [Bubanee]/1 - The Music/051 - Love Somebody - Maroon 5.mp3
Jun 25 08:23 : update: added USA Billboard  Hot 100 Year End 2013 [Bubanee]/1 - The Music/052 - I Will Wait - Mumford & Sons.mp3
Jun 25 08:23 : update: added USA Billboard  Hot 100 Year End 2013 [Bubanee]/1 - The Music/053 - Try - Pink.mp3
Jun 25 08:23 : update: added USA Billboard  Hot 100 Year End 2013 [Bubanee]/1 - The Music/054 - Wagon Wheel - Darius Rucker.mp3
Jun 25 08:23 : update: added USA Billboard  Hot 100 Year End 2013 [Bubanee]/1 - The Music/055 - Gangnam Style - Psy.mp3
Jun 25 08:23 : update: added USA Billboard  Hot 100 Year End 2013 [Bubanee]/1 - The Music/056 - I Need Your Love - Calvin Harris ft. Ellie Goulding.mp3
Jun 25 08:23 : update: added USA Billboard  Hot 100 Year End 2013 [Bubanee]/1 - The Music/057 - Die Young - Kesha.mp3
Jun 25 08:23 : update: added USA Billboard  Hot 100 Year End 2013 [Bubanee]/1 - The Music/058 - Some Nights - Fun.mp3
Jun 25 08:23 : update: added USA Billboard  Hot 100 Year End 2013 [Bubanee]/1 - The Music/059 - Bad - Wale ft Tiara Thomas.mp3
Jun 25 08:23 : update: added USA Billboard  Hot 100 Year End 2013 [Bubanee]/1 - The Music/060 - Boys 'Round Here - Blake Sheldon ft. Pistol Annies & Friends.mp3
Jun 25 08:23 : update: added USA Billboard  Hot 100 Year End 2013 [Bubanee]/1 - The Music/012 - Ho Hey - The Lumineers.mp3
Jun 25 08:23 : update: added USA Billboard  Hot 100 Year End 2013 [Bubanee]/1 - The Music/025 - Sail - Awolnation.mp3
Jun 25 08:23 : update: added USA Billboard  Hot 100 Year End 2013 [Bubanee]/1 - The Music/037 - Applause - Lady Gaga.mp3
Jun 25 08:23 : update: added USA Billboard  Hot 100 Year End 2013 [Bubanee]/1 - The Music/048 - Power Trip - J. Cole ft. Miguel.mp3
Jun 25 08:23 : update: added USA Billboard  Hot 100 Year End 2013 [Bubanee]/1 - The Music/061 - Gone, Gone, Gone - Phillip Phillips.mp3
Jun 25 08:23 : update: added USA Billboard  Hot 100 Year End 2013 [Bubanee]/1 - The Music/074 - Best Song Ever - One Direction.mp3
Jun 25 08:23 : update: added USA Billboard  Hot 100 Year End 2013 [Bubanee]/1 - The Music/086 - Let Me Love You (Until You Learn to Love Yourself) - Ne-Yo.mp3
Jun 25 08:23 : update: added USA Billboard  Hot 100 Year End 2013 [Bubanee]/1 - The Music/062 - Demons - Imagine Dragons.mp3
Jun 25 08:23 : update: added USA Billboard  Hot 100 Year End 2013 [Bubanee]/1 - The Music/063 - Counting Stars - One Republic.mp3
Jun 25 08:23 : update: added USA Billboard  Hot 100 Year End 2013 [Bubanee]/1 - The Music/064 - I Cry - Flo Rida.mp3
Jun 25 08:23 : update: added USA Billboard  Hot 100 Year End 2013 [Bubanee]/1 - The Music/065 - Little Talks - Of Monsters & Men.mp3
Jun 25 08:23 : update: added USA Billboard  Hot 100 Year End 2013 [Bubanee]/1 - The Music/066 - The Other Side - Jason Derulo.mp3
Jun 25 08:23 : update: added USA Billboard  Hot 100 Year End 2013 [Bubanee]/1 - The Music/067 - Berzerk - Eminem.mp3
Jun 25 08:23 : update: added USA Billboard  Hot 100 Year End 2013 [Bubanee]/1 - The Music/068 - Catch My Breath - Kelly Clarkson.mp3
Jun 25 08:23 : update: added USA Billboard  Hot 100 Year End 2013 [Bubanee]/1 - The Music/069 - Crash My Party - Luke Bryan.mp3
Jun 25 08:23 : update: added USA Billboard  Hot 100 Year End 2013 [Bubanee]/1 - The Music/070 - Pour It Up - Rihanna.mp3
Jun 25 08:23 : update: added USA Billboard  Hot 100 Year End 2013 [Bubanee]/1 - The Music/071 - 22 - Taylor Swift.mp3
Jun 25 08:23 : update: added USA Billboard  Hot 100 Year End 2013 [Bubanee]/1 - The Music/072 - I Want Crazy - Hunter Hayes.mp3
Jun 25 08:23 : update: added USA Billboard  Hot 100 Year End 2013 [Bubanee]/1 - The Music/073 - The Fox (What Does The Fox Say) - Ylvis.mp3
Jun 25 08:23 : update: added USA Billboard  Hot 100 Year End 2013 [Bubanee]/1 - The Music/075 - The A Team - Ed Sheeran.mp3
Jun 25 08:23 : update: added USA Billboard  Hot 100 Year End 2013 [Bubanee]/1 - The Music/076 - Carry On - Fun.mp3
Jun 25 08:23 : update: added USA Billboard  Hot 100 Year End 2013 [Bubanee]/1 - The Music/077 - Highway Don't Care - Tim McGraw ft. Taylor Swift.mp3
Jun 25 08:23 : update: added USA Billboard  Hot 100 Year End 2013 [Bubanee]/1 - The Music/078 - That's My Kind of Night - Luke Bryan.mp3
Jun 25 08:23 : update: added USA Billboard  Hot 100 Year End 2013 [Bubanee]/1 - The Music/079 - Swimming Pools (Drank) - Kendrick Lamar.mp3
Jun 25 08:23 : update: added USA Billboard  Hot 100 Year End 2013 [Bubanee]/1 - The Music/080 - Sure Be Cool If You Did - Blake Sheldon.mp3
Jun 25 08:23 : update: added USA Billboard  Hot 100 Year End 2013 [Bubanee]/1 - The Music/081 - Beautiful - Mariah Carey ft. Miguel.mp3
Jun 25 08:23 : update: added USA Billboard  Hot 100 Year End 2013 [Bubanee]/1 - The Music/082 - Trouble Maker - Olly Murs ft. Flo Rider.mp3
Jun 25 08:23 : update: added USA Billboard  Hot 100 Year End 2013 [Bubanee]/1 - The Music/083 - Body Party - Ciara.mp3
Jun 25 08:23 : update: added USA Billboard  Hot 100 Year End 2013 [Bubanee]/1 - The Music/084 - Adorn - Miguel.mp3
Jun 25 08:23 : update: added USA Billboard  Hot 100 Year End 2013 [Bubanee]/1 - The Music/085 - Hall Of Fame - The Script ft. Will.I.Am.mp3
Jun 25 08:23 : update: added USA Billboard  Hot 100 Year End 2013 [Bubanee]/1 - The Music/087 - U.O.E.N.O. - Rocko ft. Future & Rick Ross.mp3
Jun 25 08:23 : update: added USA Billboard  Hot 100 Year End 2013 [Bubanee]/1 - The Music/088 - Next to Me - Emeli Sande.mp3
Jun 25 08:23 : update: added USA Billboard  Hot 100 Year End 2013 [Bubanee]/1 - The Music/089 - Mama's Broken Heart - Miranda Lambert.mp3
Jun 25 08:23 : update: added USA Billboard  Hot 100 Year End 2013 [Bubanee]/1 - The Music/090 - It Goes Like This - Thomas Rhett.mp3
Jun 25 08:23 : update: added USA Billboard  Hot 100 Year End 2013 [Bubanee]/1 - The Music/091 - Bugatti - Ace Hood ft. Future & Rick Ross.mp3
Jun 25 08:23 : update: added USA Billboard  Hot 100 Year End 2013 [Bubanee]/1 - The Music/092 - Wanted - Hunter Hayes.mp3
Jun 25 08:23 : update: added USA Billboard  Hot 100 Year End 2013 [Bubanee]/1 - The Music/093 - Downtown - lady Antebellum.mp3
Jun 25 08:23 : update: added USA Billboard  Hot 100 Year End 2013 [Bubanee]/1 - The Music/094 - Get Your Shine On - Florida Georgia Line.mp3
Jun 25 08:23 : update: added USA Billboard  Hot 100 Year End 2013 [Bubanee]/1 - The Music/095 - Thatpower - Will.I.Am ft. Justin Bieber.mp3
Jun 25 08:23 : update: added USA Billboard  Hot 100 Year End 2013 [Bubanee]/1 - The Music/096 - Brave - Sara Bareilles.mp3
Jun 25 08:23 : update: added USA Billboard  Hot 100 Year End 2013 [Bubanee]/1 - The Music/097 - Let Her Go - Passenger.mp3
Jun 25 08:23 : update: added USA Billboard  Hot 100 Year End 2013 [Bubanee]/1 - The Music/098 - Runnin' Outta Moonlight - Randy Houser.mp3
Jun 25 08:23 : update: added USA Billboard  Hot 100 Year End 2013 [Bubanee]/1 - The Music/099 - I'm Different - 2 Chainz.mp3
Jun 25 08:23 : update: added USA Billboard  Hot 100 Year End 2013 [Bubanee]/1 - The Music/100 - Still Into You - Paramore.mp3
Jun 25 08:23 : update: added VA-Billboard-Top-100-Of-2010/001 - Kesha - Tik Tok.mp3
Jun 25 08:23 : update: added VA-Billboard-Top-100-Of-2010/002 - Lady Antebelum - Need You Now.mp3
Jun 25 08:23 : update: added VA-Billboard-Top-100-Of-2010/003 - Train - Hey Soul Sister.mp3
Jun 25 08:23 : update: added VA-Billboard-Top-100-Of-2010/004 - Katy Perry feat Snoop Dogg - California Gurls.mp3
Jun 25 08:23 : update: added VA-Billboard-Top-100-Of-2010/005 - Usher feat Will I Am - OMG.mp3
Jun 25 08:23 : update: added VA-Billboard-Top-100-Of-2010/006 - BoB feat Hayley Williams - Airplanes.mp3
Jun 25 08:23 : update: added VA-Billboard-Top-100-Of-2010/007 - Eminem feat Rihanna - Love The Way You Lie.mp3
Jun 25 08:23 : update: added VA-Billboard-Top-100-Of-2010/008 - Lady Gaga - Bad Romance.mp3
Jun 25 08:23 : update: added VA-Billboard-Top-100-Of-2010/009 - Taio Cruz - Dynamite.mp3
Jun 25 08:23 : update: added VA-Billboard-Top-100-Of-2010/010 - Taio Crus feat Ludacris - Break Your Heart.mp3
Jun 25 08:23 : update: added VA-Billboard-Top-100-Of-2010/011 - BoB feat Bruno Mars - Nothin On You.mp3
Jun 25 08:23 : update: added VA-Billboard-Top-100-Of-2010/012 - Enrique Iglesias feat Pitbull - I Like It.mp3
Jun 25 08:23 : update: added VA-Billboard-Top-100-Of-2010/013 - Young Money feat Lloyd - Bedrock.mp3
Jun 25 08:23 : update: added VA-Billboard-Top-100-Of-2010/014 - Jason DeRulo - In My Head.mp3
Jun 25 08:23 : update: added VA-Billboard-Top-100-Of-2010/015 - Rihanna - Rude Boy.mp3
Jun 25 08:23 : update: added VA-Billboard-Top-100-Of-2010/016 - Lady Gaga feat Beyonce - Telephone.mp3
Jun 25 08:23 : update: added VA-Billboard-Top-100-Of-2010/017 - Katy Perry - Teenage Dream.mp3
Jun 25 08:23 : update: added VA-Billboard-Top-100-Of-2010/018 - Bruno Mars - Just The Way You Are.mp3
Jun 25 08:23 : update: added VA-Billboard-Top-100-Of-2010/019 - Mike Posner - Cooler Than Me.mp3
Jun 25 08:23 : update: added VA-Billboard-Top-100-Of-2010/020 - Black Eyed Peas - Imma Be.mp3
Jun 25 08:23 : update: added VA-Billboard-Top-100-Of-2010/021 - Jay-Z and Alicia Keys - Empire State Of Mine.mp3
Jun 25 08:23 : update: added VA-Billboard-Top-100-Of-2010/022 - Usher feat Pitbull - DJ Got Us Fallin In Love.mp3
Jun 25 08:23 : update: added VA-Billboard-Top-100-Of-2010/047 - Rihanna - Only Girl In The World.mp3
Jun 25 08:23 : update: added VA-Billboard-Top-100-Of-2010/048 - Kris Allen - Live Like Were Dying.mp3
Jun 25 08:23 : update: added VA-Billboard-Top-100-Of-2010/049 - Rihanna feat Young Jeezy - Hard.mp3
Jun 25 08:23 : update: added VA-Billboard-Top-100-Of-2010/050 - Jay-Z feat Mr Hudson - Young Forever.mp3
Jun 25 08:23 : update: added VA-Billboard-Top-100-Of-2010/051 - Kesha feat 3OH3 - Blah Blah Blah.mp3
Jun 25 08:23 : update: added VA-Billboard-Top-100-Of-2010/052 - Trey Songz feat Nicki Minaj - Bottoms Up.mp3
Jun 25 08:23 : update: added VA-Billboard-Top-100-Of-2010/053 - Jay Sean feat Sean Paul and Lil Jon - Do You Remember.mp3
Jun 25 08:23 : update: added VA-Billboard-Top-100-Of-2010/054 - OneRepublic - All The Right Moves.mp3
Jun 25 08:23 : update: added VA-Billboard-Top-100-Of-2010/055 - Orianthi - According To You.mp3
Jun 25 08:23 : update: added VA-Billboard-Top-100-Of-2010/056 - Ludacris feat Nicki Minaj - My Chick Bad.mp3
Jun 25 08:23 : update: added VA-Billboard-Top-100-Of-2010/057 - Taylor Swift - You Belong With Me.mp3
Jun 25 08:23 : update: added VA-Billboard-Top-100-Of-2010/058 - Black Eyed Peas - Meet Me Halfway.mp3
Jun 25 08:23 : update: added VA-Billboard-Top-100-Of-2010/059 - Kesha - Take It Off.mp3
Jun 25 08:23 : update: added VA-Billboard-Top-100-Of-2010/060 - Drake - Over.mp3
Jun 25 08:23 : update: added VA-Billboard-Top-100-Of-2010/080 - Kevin Rudolf feat Birdman Jay Sean and Lil Wayne - I Made It (Cash Money Heroes).mp3
Jun 25 08:23 : update: added VA-Billboard-Top-100-Of-2010/081 - Sugarland - Stuck Like Glue.mp3
Jun 25 08:23 : update: added VA-Billboard-Top-100-Of-2010/082 - Usher feat Plies - Hey Daddy (Daddys Home).mp3
Jun 25 08:23 : update: added VA-Billboard-Top-100-Of-2010/083 - Usher - There Goes My Baby.mp3
Jun 25 08:23 : update: added VA-Billboard-Top-100-Of-2010/084 - Taylor Swift - Today Was A Fairytale.mp3
Jun 25 08:23 : update: added VA-Billboard-Top-100-Of-2010/085 - Timbaland feat Drake - Say Something.mp3
Jun 25 08:23 : update: added VA-Billboard-Top-100-Of-2010/086 - Beyonce - Sweet Dreams.mp3
Jun 25 08:23 : update: added VA-Billboard-Top-100-Of-2010/087 - Kings Of Leon - Use Somebody.mp3
Jun 25 08:23 : update: added VA-Billboard-Top-100-Of-2010/088 - Carrie Underwood - Undo It.mp3
Jun 25 08:23 : update: added VA-Billboard-Top-100-Of-2010/089 - Sean Kingston and Justin Bieber - Eenie Meenie.mp3
Jun 25 08:23 : update: added VA-Billboard-Top-100-Of-2010/090 - Lil Wayne feat Drake - Right Above It.mp3
Jun 25 08:23 : update: added VA-Billboard-Top-100-Of-2010/091 - Miranda Lambert - The House That Built Me.mp3
Jun 25 08:23 : update: added VA-Billboard-Top-100-Of-2010/092 - The Band Perry - If I Die Young.mp3
Jun 25 08:23 : update: added VA-Billboard-Top-100-Of-2010/093 - Paramore - The Only Exception.mp3
Jun 25 08:23 : update: added VA-Billboard-Top-100-Of-2010/094 - Lady Antebellum - American Honey.mp3
Jun 25 08:23 : update: added VA-Billboard-Top-100-Of-2010/095 - Sara Bareilles - King Of Anything.mp3
Jun 25 08:23 : update: added VA-Billboard-Top-100-Of-2010/096 - Daughtry - Life After You.mp3
Jun 25 08:23 : update: added VA-Billboard-Top-100-Of-2010/097 - Uncle Kracker - Smile.mp3
Jun 25 08:23 : update: added VA-Billboard-Top-100-Of-2010/098 - Cali Swag District - Teach me How To Dougie.mp3
Jun 25 08:23 : update: added VA-Billboard-Top-100-Of-2010/099 - Alicia Keys - Try Sleeping With A Broken Heart.mp3
Jun 25 08:23 : update: added VA-Billboard-Top-100-Of-2010/100 - Jerrod Niemann - Lover Lover.mp3
Jun 25 08:23 : update: added VA-Billboard-Top-100-Of-2010/024 - Eminem - Not Afraid.mp3
Jun 25 08:23 : update: added VA-Billboard-Top-100-Of-2010/025 - Iyaz - Replay.mp3
Jun 25 08:23 : update: added VA-Billboard-Top-100-Of-2010/026 - David Guetta feat Akon - Sexy Chick.mp3
Jun 25 08:23 : update: added VA-Billboard-Top-100-Of-2010/027 - The Script - Breakeven.mp3
Jun 25 08:23 : update: added VA-Billboard-Top-100-Of-2010/028 - Kesha - Your Love Is My Drug.mp3
Jun 25 08:23 : update: added VA-Billboard-Top-100-Of-2010/029 - Black Eyed Peas - I Gotta Feeling.mp3
Jun 25 08:23 : update: added VA-Billboard-Top-100-Of-2010/030 - Owl City - Fireflies.mp3
Jun 25 08:23 : update: added VA-Billboard-Top-100-Of-2010/031 - Trey Songz feat Fabolous - Say Aah.mp3
Jun 25 08:23 : update: added VA-Billboard-Top-100-Of-2010/032 - Drake - Find Your Love.mp3
Jun 25 08:23 : update: added VA-Billboard-Top-100-Of-2010/033 - Lady Gaga - Alejandro.mp3
Jun 25 08:23 : update: added VA-Billboard-Top-100-Of-2010/034 - Jason DeRulo - Ridin Solo.mp3
Jun 25 08:23 : update: added VA-Billboard-Top-100-Of-2010/035 - Nelly - Just A Dream.mp3
Jun 25 08:23 : update: added VA-Billboard-Top-100-Of-2010/036 - Ludacris - How Low.mp3
Jun 25 08:23 : update: added VA-Billboard-Top-100-Of-2010/037 - Far East Movement feat Cataracs and Dev - Like A G6.mp3
Jun 25 08:23 : update: added VA-Billboard-Top-100-Of-2010/038 - Timbaland feat Justin Timberlake - Carry Out.mp3
Jun 25 08:23 : update: added VA-Billboard-Top-100-Of-2010/039 - Michael Buble - Haven't Met You Yet.mp3
Jun 25 08:23 : update: added VA-Billboard-Top-100-Of-2010/040 - Flo Rida feat David Guetta - Club Cant Handle Me.mp3
Jun 25 08:23 : update: added VA-Billboard-Top-100-Of-2010/041 - Jay Sean feat Lil Wayne - Down.mp3
Jun 25 08:23 : update: added VA-Billboard-Top-100-Of-2010/042 - La Roux - Bulletproof.mp3
Jun 25 08:23 : update: added VA-Billboard-Top-100-Of-2010/043 - Jason DeRulo - Whatcha Say.mp3
Jun 25 08:23 : update: added VA-Billboard-Top-100-Of-2010/044 - Justin Bieber feat Ludacris - Baby.mp3
Jun 25 08:23 : update: added VA-Billboard-Top-100-Of-2010/045 - Adam Lambert - Whataya Want From Me.mp3
Jun 25 08:23 : update: added VA-Billboard-Top-100-Of-2010/023 - Travie McCoy feat Bruno Mars - Billionaire.mp3
Jun 25 08:23 : update: added VA-Billboard-Top-100-Of-2010/046 - Taylor Swift - Mine.mp3
Jun 25 08:23 : update: added VA-Billboard-Top-100-Of-2010/061 - Neon Trees - Animal.mp3
Jun 25 08:23 : update: added VA-Billboard-Top-100-Of-2010/079 - DJ Khaled feat T-Pain Ludacris Snoop Dogg and Rick Ross - All I Do Is Win.mp3
Jun 25 08:23 : update: added VA-Billboard-Top-100-Of-2010/062 - Maroon 5 - Misery.mp3
Jun 25 08:23 : update: added VA-Billboard-Top-100-Of-2010/063 - BoB feat Rivers Cuomo - Magic.mp3
Jun 25 08:23 : update: added VA-Billboard-Top-100-Of-2010/064 - Lady Gaga - Paparazzi.mp3
Jun 25 08:23 : update: added VA-Billboard-Top-100-Of-2010/065 - New Boyz feat Ray J - Tie Me Down.mp3
Jun 25 08:23 : update: added VA-Billboard-Top-100-Of-2010/066 - Nicki Minaj - Your Love.mp3
Jun 25 08:23 : update: added VA-Billboard-Top-100-Of-2010/067 - Miley Cyrus - Party In The USA.mp3
Jun 25 08:23 : update: added VA-Billboard-Top-100-Of-2010/068 - Chris Brown feat Tyga and Kevin McCall - Deuces.mp3
Jun 25 08:23 : update: added VA-Billboard-Top-100-Of-2010/069 - Britney Spears - 3.mp3
Jun 25 08:23 : update: added VA-Billboard-Top-100-Of-2010/070 - Shontelle - Impossible.mp3
Jun 25 08:23 : update: added VA-Billboard-Top-100-Of-2010/071 - Drake feat Kanye West Lil Wayne and Eminem - Forever.mp3
Jun 25 08:23 : update: added VA-Billboard-Top-100-Of-2010/072 - Boys Like Girls feat Taylor Swift - Two Is Better Than One.mp3
Jun 25 08:23 : update: added VA-Billboard-Top-100-Of-2010/073 - 3OH3 feat Kesha - My First Kiss.mp3
Jun 25 08:23 : update: added VA-Billboard-Top-100-Of-2010/074 - Kelly Clarkson - Already Gone.mp3
Jun 25 08:23 : update: added VA-Billboard-Top-100-Of-2010/075 - Black Eyed Peas - Rock That Body.mp3
Jun 25 08:23 : update: added VA-Billboard-Top-100-Of-2010/076 - OneRepublic - Secrets.mp3
Jun 25 08:23 : update: added VA-Billboard-Top-100-Of-2010/077 - Selena Gomez and The Scene - Naturally.mp3
Jun 25 08:23 : update: added VA-Billboard-Top-100-Of-2010/078 - Alicia Keys - Un-Thinkable (Im Ready).mp3
Jun 25 08:23 : player: played "Billboard Hot 100 - 2011/4 Minutes - Madonna,Justin Timberlake,Timbaland.mp3"
Jun 25 08:24 : player: played "Billboard Hot 100 - 2011/4 Minutes - Madonna,Justin Timberlake,Timbaland.mp3"
Jun 25 08:25 : player: played "2014/HappyFromDespicableMe2-PharrellWilliams-2978903.mp3"
Jun 25 08:26 : player: played "Music_Mp3/Fall Out Boy - Thanks For The Memories.mp3"
Jun 25 08:30 : player: played "Music_Mp3/Enrique Iglesias - Do you know.mp3"
Jun 25 08:34 : player: played "Music_Mp3/From Yesterday - 30 seconds to mars [NCT 2338416933].mp3"
Jun 25 08:38 : pulse_output: "With Musik we are one!" [pulse] failed to play: suspended
Jun 25 08:38 : output: Failed to open audio output
Jun 25 08:38 : player: played "Music_Mp3/Goodbye - Avril Lavigne [NCT 44634343929956357500].mp3"
